#
# A fatal error has been detected by the Java Runtime Environment:
#
#  EXCEPTION_ACCESS_VIOLATION (0xc0000005) at pc=0x00000000761a7549, pid=8860, tid=0x00000000000011dc
#
# JRE version: Java(TM) SE Runtime Environment (8.0_121-b13) (build 1.8.0_121-b13)
# Java VM: Java HotSpot(TM) 64-Bit Server VM (25.121-b13 mixed mode windows-amd64 compressed oops)
# Problematic frame:
# V  [jvm.dll+0x237549]
#
# Failed to write core dump. Minidumps are not enabled by default on client versions of Windows
#
# If you would like to submit a bug report, please visit:
#   http://bugreport.java.com/bugreport/crash.jsp
#

---------------  T H R E A D  ---------------

Current thread (0x000000000145e000):  JavaThread "main" [_thread_in_vm, id=4572, stack(0x0000000002cc0000,0x0000000002dc0000)]

siginfo: ExceptionCode=0xc0000005, reading address 0x000000c000000013

Registers:
RAX=0x000000000000001f, RBX=0x000000000145e000, RCX=0x0000000002e06330, RDX=0x0000000770dbec68
RSP=0x0000000002dbab68, RBP=0x0000000002dbac90, RSI=0x0000000002dbaca0, RDI=0x0000000001457be0
R8 =0x000000c00000000b, R9 =0x00000000ffffffff, R10=0x000000007676d0d0, R11=0x0000000002dbb2e8
R12=0x0000000002e06330, R13=0x0000000000000003, R14=0x0000000002e06330, R15=0x000000000145e000
RIP=0x00000000761a7549, EFLAGS=0x0000000000010202

Top of Stack: (sp=0x0000000002dbab68)
0x0000000002dbab68:   00000000761a81fd 00000000014602d4
0x0000000002dbab78:   00000000221b62a0 0000000002dbace0
0x0000000002dbab88:   0000000076247f61 0000000002dbacb0
0x0000000002dbab98:   0000000000000000 00000000000000c0
0x0000000002dbaba8:   0000000000000000 0000000002dbbbd0
0x0000000002dbabb8:   0000000000000000 0000000001457be0
0x0000000002dbabc8:   00000000762482eb ffffffffffffffff
0x0000000002dbabd8:   00000000ffffffff 00000000221c4710
0x0000000002dbabe8:   0000000770dbec68 0000000002dbad00
0x0000000002dbabf8:   00000000763bafde 000000000145e000
0x0000000002dbac08:   00000000200b8508 0000000002e06330
0x0000000002dbac18:   00000000761a6333 00000000ffffffff
0x0000000002dbac28:   0000000000000003 00000000034e75d0
0x0000000002dbac38:   000000000145e000 00000000200b8508
0x0000000002dbac48:   00000000221dfa50 0000000000000003
0x0000000002dbac58:   0000000002dbb970 0000000002fee853 

Instructions: (pc=0x00000000761a7549)
0x00000000761a7529:   48 8b 5c 24 30 48 83 c4 20 5f e9 58 ad fd ff cc
0x00000000761a7539:   cc cc cc cc cc cc cc 4c 8b 42 18 4d 85 c0 74 40
0x00000000761a7549:   41 8b 48 08 8b c1 c1 e8 02 a8 01 75 13 8b c1 c1
0x00000000761a7559:   e8 03 3d 00 00 00 08 7e 07 83 c9 04 41 89 48 08 


Register to memory mapping:

RAX=0x000000000000001f is an unknown value
RBX=0x000000000145e000 is a thread
RCX=0x0000000002e06330 is an unknown value
RDX=0x0000000770dbec68 is an oop
jdk.internal.org.objectweb.asm.ClassWriter 
 - klass: 'jdk/internal/org/objectweb/asm/ClassWriter'
RSP=0x0000000002dbab68 is pointing into the stack for thread: 0x000000000145e000
RBP=0x0000000002dbac90 is pointing into the stack for thread: 0x000000000145e000
RSI=0x0000000002dbaca0 is pointing into the stack for thread: 0x000000000145e000
RDI=0x0000000001457be0 is an unknown value
R8 =0x000000c00000000b is an unknown value
R9 =0x00000000ffffffff is an unknown value
R10=0x000000007676d0d0 is an unknown value
R11=0x0000000002dbb2e8 is pointing into the stack for thread: 0x000000000145e000
R12=0x0000000002e06330 is an unknown value
R13=0x0000000000000003 is an unknown value
R14=0x0000000002e06330 is an unknown value
R15=0x000000000145e000 is a thread


Stack: [0x0000000002cc0000,0x0000000002dc0000],  sp=0x0000000002dbab68,  free space=1002k
Native frames: (J=compiled Java code, j=interpreted, Vv=VM code, C=native code)
V  [jvm.dll+0x237549]

Java frames: (J=compiled Java code, j=interpreted, Vv=VM code)
v  ~RuntimeStub::counter_overflow Runtime1 stub
J 3792 C1 jdk.internal.org.objectweb.asm.ClassWriter.get(Ljdk/internal/org/objectweb/asm/Item;)Ljdk/internal/org/objectweb/asm/Item; (49 bytes) @ 0x00000000034e79d7 [0x00000000034e7760+0x277]
j  jdk.internal.org.objectweb.asm.ClassWriter.newClassItem(Ljava/lang/String;)Ljdk/internal/org/objectweb/asm/Item;+17
j  jdk.internal.org.objectweb.asm.MethodWriter.visitTypeInsn(ILjava/lang/String;)V+16
j  java.lang.invoke.InvokerBytecodeGenerator.emitReferenceCast(Ljava/lang/Class;Ljava/lang/Object;)V+64
j  java.lang.invoke.InvokerBytecodeGenerator.emitImplicitConversion(Ljava/lang/invoke/LambdaForm$BasicType;Ljava/lang/Class;Ljava/lang/Object;)V+99
j  java.lang.invoke.InvokerBytecodeGenerator.emitPushArgument(Ljava/lang/Class;Ljava/lang/Object;)V+41
j  java.lang.invoke.InvokerBytecodeGenerator.emitPushArgument(Ljava/lang/invoke/LambdaForm$Name;I)V+24
j  java.lang.invoke.InvokerBytecodeGenerator.emitPushArguments(Ljava/lang/invoke/LambdaForm$Name;I)V+14
j  java.lang.invoke.InvokerBytecodeGenerator.emitPushArguments(Ljava/lang/invoke/LambdaForm$Name;)V+3
j  java.lang.invoke.InvokerBytecodeGenerator.emitStaticInvoke(Ljava/lang/invoke/MemberName;Ljava/lang/invoke/LambdaForm$Name;)V+105
j  java.lang.invoke.InvokerBytecodeGenerator.generateCustomizedCodeBytes()[B+545
j  java.lang.invoke.InvokerBytecodeGenerator.generateCustomizedCode(Ljava/lang/invoke/LambdaForm;Ljava/lang/invoke/MethodType;)Ljava/lang/invoke/MemberName;+14
j  java.lang.invoke.LambdaForm.compileToBytecode()Ljava/lang/invoke/MemberName;+65
j  java.lang.invoke.LambdaForm.prepare()V+14
j  java.lang.invoke.MethodHandle.<init>(Ljava/lang/invoke/MethodType;Ljava/lang/invoke/LambdaForm;)V+31
j  java.lang.invoke.DelegatingMethodHandle.<init>(Ljava/lang/invoke/MethodType;Ljava/lang/invoke/MethodHandle;)V+6
j  java.lang.invoke.MethodHandleImpl$IntrinsicMethodHandle.<init>(Ljava/lang/invoke/MethodHandle;Ljava/lang/invoke/MethodHandleImpl$Intrinsic;)V+6
j  java.lang.invoke.MethodHandleImpl.makeIntrinsic(Ljava/lang/invoke/MethodHandle;Ljava/lang/invoke/MethodHandleImpl$Intrinsic;)Ljava/lang/invoke/MethodHandle;+16
j  java.lang.invoke.MethodHandleImpl.makeArrays()[Ljava/lang/invoke/MethodHandle;+35
j  java.lang.invoke.MethodHandleImpl.access$000()[Ljava/lang/invoke/MethodHandle;+0
j  java.lang.invoke.MethodHandleImpl$Lazy.<clinit>()V+5
v  ~StubRoutines::call_stub
j  java.lang.invoke.MethodHandleImpl.varargsArray(I)Ljava/lang/invoke/MethodHandle;+0
j  java.lang.invoke.MethodHandleImpl.varargsArray(Ljava/lang/Class;I)Ljava/lang/invoke/MethodHandle;+121
j  java.lang.invoke.MethodHandle.asCollector(Ljava/lang/Class;I)Ljava/lang/invoke/MethodHandle;+36
j  java.lang.invoke.MethodHandleImpl$AsVarargsCollector.<init>(Ljava/lang/invoke/MethodType;Ljava/lang/invoke/MethodHandle;Ljava/lang/Class;)V+20
j  java.lang.invoke.MethodHandleImpl$AsVarargsCollector.<init>(Ljava/lang/invoke/MethodHandle;Ljava/lang/Class;)V+7
j  java.lang.invoke.MethodHandleImpl.makeVarargsCollector(Ljava/lang/invoke/MethodHandle;Ljava/lang/Class;)Ljava/lang/invoke/MethodHandle;+43
j  java.lang.invoke.MethodHandle.setVarargs(Ljava/lang/invoke/MemberName;)Ljava/lang/invoke/MethodHandle;+26
j  java.lang.invoke.MethodHandles$Lookup.getDirectMethodCommon(BLjava/lang/Class;Ljava/lang/invoke/MemberName;ZZLjava/lang/Class;)Ljava/lang/invoke/MethodHandle;+263
j  java.lang.invoke.MethodHandles$Lookup.getDirectMethod(BLjava/lang/Class;Ljava/lang/invoke/MemberName;Ljava/lang/Class;)Ljava/lang/invoke/MethodHandle;+8
j  java.lang.invoke.MethodHandles$Lookup.findStatic(Ljava/lang/Class;Ljava/lang/String;Ljava/lang/invoke/MethodType;)Ljava/lang/invoke/MethodHandle;+23
j  java.lang.invoke.CallSite.<clinit>()V+35
v  ~StubRoutines::call_stub
j  java.lang.invoke.MethodHandleNatives.linkCallSiteImpl(Ljava/lang/Class;Ljava/lang/invoke/MethodHandle;Ljava/lang/String;Ljava/lang/invoke/MethodType;Ljava/lang/Object;[Ljava/lang/Object;)Ljava/lang/invoke/MemberName;+6
j  java.lang.invoke.MethodHandleNatives.linkCallSite(Ljava/lang/Object;Ljava/lang/Object;Ljava/lang/Object;Ljava/lang/Object;Ljava/lang/Object;[Ljava/lang/Object;)Ljava/lang/invoke/MemberName;+45
v  ~StubRoutines::call_stub
j  org.mule.tools.maven.mojo.ValidateMojo.validateNotAllowedDependencies()V+32
j  org.mule.tools.maven.mojo.ValidateMojo.doExecute()V+34
j  org.mule.tools.maven.mojo.AbstractMuleMojo.execute()V+12
j  org.apache.maven.plugin.DefaultBuildPluginManager.executeMojo(Lorg/apache/maven/execution/MavenSession;Lorg/apache/maven/plugin/MojoExecution;)V+152
j  org.apache.maven.lifecycle.internal.MojoExecutor.execute(Lorg/apache/maven/execution/MavenSession;Lorg/apache/maven/plugin/MojoExecution;Lorg/apache/maven/lifecycle/internal/ProjectIndex;Lorg/apache/maven/lifecycle/internal/DependencyContext;)V+215
j  org.apache.maven.lifecycle.internal.MojoExecutor.execute(Lorg/apache/maven/execution/MavenSession;Lorg/apache/maven/plugin/MojoExecution;Lorg/apache/maven/lifecycle/internal/ProjectIndex;Lorg/apache/maven/lifecycle/internal/DependencyContext;Lorg/apache/maven/lifecycle/internal/PhaseRecorder;)V+6
j  org.apache.maven.lifecycle.internal.MojoExecutor.execute(Lorg/apache/maven/execution/MavenSession;Ljava/util/List;Lorg/apache/maven/lifecycle/internal/ProjectIndex;)V+60
j  org.apache.maven.lifecycle.internal.LifecycleModuleBuilder.buildProject(Lorg/apache/maven/execution/MavenSession;Lorg/apache/maven/execution/MavenSession;Lorg/apache/maven/lifecycle/internal/ReactorContext;Lorg/apache/maven/project/MavenProject;Lorg/apache/maven/lifecycle/internal/TaskSegment;)V+179
j  org.apache.maven.lifecycle.internal.LifecycleModuleBuilder.buildProject(Lorg/apache/maven/execution/MavenSession;Lorg/apache/maven/lifecycle/internal/ReactorContext;Lorg/apache/maven/project/MavenProject;Lorg/apache/maven/lifecycle/internal/TaskSegment;)V+7
j  org.apache.maven.lifecycle.internal.builder.singlethreaded.SingleThreadedBuilder.build(Lorg/apache/maven/execution/MavenSession;Lorg/apache/maven/lifecycle/internal/ReactorContext;Lorg/apache/maven/lifecycle/internal/ProjectBuildList;Ljava/util/List;Lorg/apache/maven/lifecycle/internal/ReactorBuildStatus;)V+77
j  org.apache.maven.lifecycle.internal.LifecycleStarter.execute(Lorg/apache/maven/execution/MavenSession;)V+348
j  org.apache.maven.DefaultMaven.doExecute(Lorg/apache/maven/execution/MavenExecutionRequest;Lorg/apache/maven/execution/MavenSession;Lorg/apache/maven/execution/MavenExecutionResult;Lorg/eclipse/aether/DefaultRepositorySystemSession;)Lorg/apache/maven/execution/MavenExecutionResult;+425
j  org.apache.maven.DefaultMaven.doExecute(Lorg/apache/maven/execution/MavenExecutionRequest;)Lorg/apache/maven/execution/MavenExecutionResult;+98
j  org.apache.maven.DefaultMaven.execute(Lorg/apache/maven/execution/MavenExecutionRequest;)Lorg/apache/maven/execution/MavenExecutionResult;+2
j  org.apache.maven.cli.MavenCli.execute(Lorg/apache/maven/cli/CliRequest;)I+27
j  org.apache.maven.cli.MavenCli.doMain(Lorg/apache/maven/cli/CliRequest;)I+66
j  org.apache.maven.cli.MavenCli.main([Ljava/lang/String;Lorg/codehaus/plexus/classworlds/ClassWorld;)I+24
v  ~StubRoutines::call_stub
j  sun.reflect.NativeMethodAccessorImpl.invoke0(Ljava/lang/reflect/Method;Ljava/lang/Object;[Ljava/lang/Object;)Ljava/lang/Object;+0
j  sun.reflect.NativeMethodAccessorImpl.invoke(Ljava/lang/Object;[Ljava/lang/Object;)Ljava/lang/Object;+100
j  sun.reflect.DelegatingMethodAccessorImpl.invoke(Ljava/lang/Object;[Ljava/lang/Object;)Ljava/lang/Object;+6
j  java.lang.reflect.Method.invoke(Ljava/lang/Object;[Ljava/lang/Object;)Ljava/lang/Object;+56
j  org.codehaus.plexus.classworlds.launcher.Launcher.launchEnhanced([Ljava/lang/String;)V+45
j  org.codehaus.plexus.classworlds.launcher.Launcher.launch([Ljava/lang/String;)V+2
j  org.codehaus.plexus.classworlds.launcher.Launcher.mainWithExitCode([Ljava/lang/String;)I+101
j  org.codehaus.plexus.classworlds.launcher.Launcher.main([Ljava/lang/String;)V+1
v  ~StubRoutines::call_stub

---------------  P R O C E S S  ---------------

Java Threads: ( => current thread )
  0x000000001d9de000 JavaThread "Service Thread" daemon [_thread_blocked, id=12552, stack(0x000000001ddc0000,0x000000001dec0000)]
  0x000000001c078800 JavaThread "C1 CompilerThread2" daemon [_thread_blocked, id=14236, stack(0x000000001d8c0000,0x000000001d9c0000)]
  0x000000001c072000 JavaThread "C2 CompilerThread1" daemon [_thread_blocked, id=12868, stack(0x000000001d7c0000,0x000000001d8c0000)]
  0x000000001c070000 JavaThread "C2 CompilerThread0" daemon [_thread_blocked, id=13908, stack(0x000000001d6c0000,0x000000001d7c0000)]
  0x000000001c06c800 JavaThread "Attach Listener" daemon [_thread_blocked, id=3588, stack(0x000000001d5c0000,0x000000001d6c0000)]
  0x000000001c06b800 JavaThread "Signal Dispatcher" daemon [_thread_blocked, id=1164, stack(0x000000001d4c0000,0x000000001d5c0000)]
  0x000000001c05a800 JavaThread "Finalizer" daemon [_thread_blocked, id=11220, stack(0x000000001d2c0000,0x000000001d3c0000)]
  0x0000000002ee3000 JavaThread "Reference Handler" daemon [_thread_blocked, id=9848, stack(0x000000001d1c0000,0x000000001d2c0000)]
=>0x000000000145e000 JavaThread "main" [_thread_in_vm, id=4572, stack(0x0000000002cc0000,0x0000000002dc0000)]

Other Threads:
  0x000000001c039000 VMThread [stack: 0x000000001d0c0000,0x000000001d1c0000] [id=13872]
  0x000000001d9f0800 WatcherThread [stack: 0x000000001dec0000,0x000000001dfc0000] [id=13480]

VM state:not at safepoint (normal execution)

VM Mutex/Monitor currently owned by a thread: None

Heap:
 PSYoungGen      total 72704K, used 62399K [0x000000076db80000, 0x0000000773b80000, 0x00000007c0000000)
  eden space 62464K, 83% used [0x000000076db80000,0x0000000770e77df8,0x0000000771880000)
  from space 10240K, 99% used [0x0000000771a00000,0x00000007723f8060,0x0000000772400000)
  to   space 17920K, 0% used [0x0000000772a00000,0x0000000772a00000,0x0000000773b80000)
 ParOldGen       total 169472K, used 12196K [0x00000006c9200000, 0x00000006d3780000, 0x000000076db80000)
  object space 169472K, 7% used [0x00000006c9200000,0x00000006c9de9050,0x00000006d3780000)
 Metaspace       used 18630K, capacity 19182K, committed 19328K, reserved 1067008K
  class space    used 2228K, capacity 2369K, committed 2432K, reserved 1048576K

Card table byte_map: [0x00000000122b0000,0x0000000012a70000] byte_map_base: 0x000000000ec67000

Marking Bits: (ParMarkBitMap*) 0x000000007678b6d0
 Begin Bits: [0x00000000133a0000, 0x0000000017158000)
 End Bits:   [0x0000000017158000, 0x000000001af10000)

Polling page: 0x0000000001440000

CodeCache: size=245760Kb used=12078Kb max_used=13071Kb free=233681Kb
 bounds [0x0000000002ef0000, 0x0000000003bf0000, 0x0000000011ef0000]
 total_blobs=3695 nmethods=3324 adapters=283
 compilation: enabled

Compilation events (10 events):
Event: 9.516 Thread 0x000000001c078800 3841       3       java.lang.invoke.LambdaForm$BasicType::basicType (19 bytes)
Event: 9.516 Thread 0x000000001c078800 nmethod 3841 0x000000000396f210 code [0x000000000396f3a0, 0x000000000396f748]
Event: 9.516 Thread 0x000000001c078800 3842       3       java.lang.invoke.MethodType::parameterType (7 bytes)
Event: 9.517 Thread 0x000000001c078800 nmethod 3842 0x000000000396ee90 code [0x000000000396efe0, 0x000000000396f150]
Event: 9.517 Thread 0x000000001c078800 3845       3       jdk.internal.org.objectweb.asm.ByteVector::put12 (64 bytes)
Event: 9.517 Thread 0x000000001c078800 nmethod 3845 0x000000000341c450 code [0x000000000341c5c0, 0x000000000341c848]
Event: 9.517 Thread 0x000000001c078800 3847       3       java.lang.invoke.MethodType::checkPtype (19 bytes)
Event: 9.517 Thread 0x000000001c078800 nmethod 3847 0x000000000341bd50 code [0x000000000341bee0, 0x000000000341c2b8]
Event: 9.517 Thread 0x000000001c078800 3844       3       jdk.internal.org.objectweb.asm.Frame::push (110 bytes)
Event: 9.517 Thread 0x000000001c078800 nmethod 3844 0x00000000034cabd0 code [0x00000000034cad60, 0x00000000034cb288]

GC Heap History (10 events):
Event: 0.979 GC heap before
{Heap before GC invocations=1 (full 0):
 PSYoungGen      total 74240K, used 64000K [0x000000076db80000, 0x0000000772e00000, 0x00000007c0000000)
  eden space 64000K, 100% used [0x000000076db80000,0x0000000771a00000,0x0000000771a00000)
  from space 10240K, 0% used [0x0000000772400000,0x0000000772400000,0x0000000772e00000)
  to   space 10240K, 0% used [0x0000000771a00000,0x0000000771a00000,0x0000000772400000)
 ParOldGen       total 169472K, used 0K [0x00000006c9200000, 0x00000006d3780000, 0x000000076db80000)
  object space 169472K, 0% used [0x00000006c9200000,0x00000006c9200000,0x00000006d3780000)
 Metaspace       used 11210K, capacity 11394K, committed 11520K, reserved 1058816K
  class space    used 1389K, capacity 1475K, committed 1536K, reserved 1048576K
Event: 0.987 GC heap after
Heap after GC invocations=1 (full 0):
 PSYoungGen      total 74240K, used 9433K [0x000000076db80000, 0x0000000772e00000, 0x00000007c0000000)
  eden space 64000K, 0% used [0x000000076db80000,0x000000076db80000,0x0000000771a00000)
  from space 10240K, 92% used [0x0000000771a00000,0x00000007723364a8,0x0000000772400000)
  to   space 10240K, 0% used [0x0000000772400000,0x0000000772400000,0x0000000772e00000)
 ParOldGen       total 169472K, used 16K [0x00000006c9200000, 0x00000006d3780000, 0x000000076db80000)
  object space 169472K, 0% used [0x00000006c9200000,0x00000006c9204000,0x00000006d3780000)
 Metaspace       used 11210K, capacity 11394K, committed 11520K, reserved 1058816K
  class space    used 1389K, capacity 1475K, committed 1536K, reserved 1048576K
}
Event: 2.206 GC heap before
{Heap before GC invocations=2 (full 0):
 PSYoungGen      total 74240K, used 73433K [0x000000076db80000, 0x0000000772e00000, 0x00000007c0000000)
  eden space 64000K, 100% used [0x000000076db80000,0x0000000771a00000,0x0000000771a00000)
  from space 10240K, 92% used [0x0000000771a00000,0x00000007723364a8,0x0000000772400000)
  to   space 10240K, 0% used [0x0000000772400000,0x0000000772400000,0x0000000772e00000)
 ParOldGen       total 169472K, used 16K [0x00000006c9200000, 0x00000006d3780000, 0x000000076db80000)
  object space 169472K, 0% used [0x00000006c9200000,0x00000006c9204000,0x00000006d3780000)
 Metaspace       used 14947K, capacity 15174K, committed 15360K, reserved 1062912K
  class space    used 1829K, capacity 1945K, committed 2048K, reserved 1048576K
Event: 2.216 GC heap after
Heap after GC invocations=2 (full 0):
 PSYoungGen      total 74240K, used 8921K [0x000000076db80000, 0x0000000772e00000, 0x00000007c0000000)
  eden space 64000K, 0% used [0x000000076db80000,0x000000076db80000,0x0000000771a00000)
  from space 10240K, 87% used [0x0000000772400000,0x0000000772cb6610,0x0000000772e00000)
  to   space 10240K, 0% used [0x0000000771a00000,0x0000000771a00000,0x0000000772400000)
 ParOldGen       total 169472K, used 24K [0x00000006c9200000, 0x00000006d3780000, 0x000000076db80000)
  object space 169472K, 0% used [0x00000006c9200000,0x00000006c9206000,0x00000006d3780000)
 Metaspace       used 14947K, capacity 15174K, committed 15360K, reserved 1062912K
  class space    used 1829K, capacity 1945K, committed 2048K, reserved 1048576K
}
Event: 3.360 GC heap before
{Heap before GC invocations=3 (full 0):
 PSYoungGen      total 74240K, used 72921K [0x000000076db80000, 0x0000000772e00000, 0x00000007c0000000)
  eden space 64000K, 100% used [0x000000076db80000,0x0000000771a00000,0x0000000771a00000)
  from space 10240K, 87% used [0x0000000772400000,0x0000000772cb6610,0x0000000772e00000)
  to   space 10240K, 0% used [0x0000000771a00000,0x0000000771a00000,0x0000000772400000)
 ParOldGen       total 169472K, used 24K [0x00000006c9200000, 0x00000006d3780000, 0x000000076db80000)
  object space 169472K, 0% used [0x00000006c9200000,0x00000006c9206000,0x00000006d3780000)
 Metaspace       used 15340K, capacity 15652K, committed 15872K, reserved 1062912K
  class space    used 1833K, capacity 1950K, committed 2048K, reserved 1048576K
Event: 3.367 GC heap after
Heap after GC invocations=3 (full 0):
 PSYoungGen      total 74240K, used 9296K [0x000000076db80000, 0x0000000772e00000, 0x00000007c0000000)
  eden space 64000K, 0% used [0x000000076db80000,0x000000076db80000,0x0000000771a00000)
  from space 10240K, 90% used [0x0000000771a00000,0x0000000772314010,0x0000000772400000)
  to   space 10240K, 0% used [0x0000000772400000,0x0000000772400000,0x0000000772e00000)
 ParOldGen       total 169472K, used 32K [0x00000006c9200000, 0x00000006d3780000, 0x000000076db80000)
  object space 169472K, 0% used [0x00000006c9200000,0x00000006c9208000,0x00000006d3780000)
 Metaspace       used 15340K, capacity 15652K, committed 15872K, reserved 1062912K
  class space    used 1833K, capacity 1950K, committed 2048K, reserved 1048576K
}
Event: 4.961 GC heap before
{Heap before GC invocations=4 (full 0):
 PSYoungGen      total 74240K, used 73296K [0x000000076db80000, 0x0000000772e00000, 0x00000007c0000000)
  eden space 64000K, 100% used [0x000000076db80000,0x0000000771a00000,0x0000000771a00000)
  from space 10240K, 90% used [0x0000000771a00000,0x0000000772314010,0x0000000772400000)
  to   space 10240K, 0% used [0x0000000772400000,0x0000000772400000,0x0000000772e00000)
 ParOldGen       total 169472K, used 32K [0x00000006c9200000, 0x00000006d3780000, 0x000000076db80000)
  object space 169472K, 0% used [0x00000006c9200000,0x00000006c9208000,0x00000006d3780000)
 Metaspace       used 16739K, capacity 17040K, committed 17280K, reserved 1064960K
  class space    used 2028K, capacity 2158K, committed 2176K, reserved 1048576K
Event: 4.980 GC heap after
Heap after GC invocations=4 (full 0):
 PSYoungGen      total 74240K, used 10208K [0x000000076db80000, 0x0000000772e00000, 0x00000007c0000000)
  eden space 64000K, 0% used [0x000000076db80000,0x000000076db80000,0x0000000771a00000)
  from space 10240K, 99% used [0x0000000772400000,0x0000000772df8020,0x0000000772e00000)
  to   space 10240K, 0% used [0x0000000771a00000,0x0000000771a00000,0x0000000772400000)
 ParOldGen       total 169472K, used 7948K [0x00000006c9200000, 0x00000006d3780000, 0x000000076db80000)
  object space 169472K, 4% used [0x00000006c9200000,0x00000006c99c3358,0x00000006d3780000)
 Metaspace       used 16739K, capacity 17040K, committed 17280K, reserved 1064960K
  class space    used 2028K, capacity 2158K, committed 2176K, reserved 1048576K
}
Event: 6.387 GC heap before
{Heap before GC invocations=5 (full 0):
 PSYoungGen      total 74240K, used 74208K [0x000000076db80000, 0x0000000772e00000, 0x00000007c0000000)
  eden space 64000K, 100% used [0x000000076db80000,0x0000000771a00000,0x0000000771a00000)
  from space 10240K, 99% used [0x0000000772400000,0x0000000772df8020,0x0000000772e00000)
  to   space 10240K, 0% used [0x0000000771a00000,0x0000000771a00000,0x0000000772400000)
 ParOldGen       total 169472K, used 7948K [0x00000006c9200000, 0x00000006d3780000, 0x000000076db80000)
  object space 169472K, 4% used [0x00000006c9200000,0x00000006c99c3358,0x00000006d3780000)
 Metaspace       used 17356K, capacity 17734K, committed 17920K, reserved 1064960K
  class space    used 2082K, capacity 2193K, committed 2304K, reserved 1048576K
Event: 6.399 GC heap after
Heap after GC invocations=5 (full 0):
 PSYoungGen      total 72704K, used 10208K [0x000000076db80000, 0x0000000773b80000, 0x00000007c0000000)
  eden space 62464K, 0% used [0x000000076db80000,0x000000076db80000,0x0000000771880000)
  from space 10240K, 99% used [0x0000000771a00000,0x00000007723f8060,0x0000000772400000)
  to   space 17920K, 0% used [0x0000000772a00000,0x0000000772a00000,0x0000000773b80000)
 ParOldGen       total 169472K, used 12196K [0x00000006c9200000, 0x00000006d3780000, 0x000000076db80000)
  object space 169472K, 7% used [0x00000006c9200000,0x00000006c9de9050,0x00000006d3780000)
 Metaspace       used 17356K, capacity 17734K, committed 17920K, reserved 1064960K
  class space    used 2082K, capacity 2193K, committed 2304K, reserved 1048576K
}

Deoptimization events (10 events):
Event: 6.209 Thread 0x000000000145e000 Uncommon trap: reason=unstable_if action=reinterpret pc=0x00000000035e7ab0 method=org.codehaus.plexus.interpolation.reflection.ClassMap.makeMethodKey(Ljava/lang/String;[Ljava/lang/Object;)Ljava/lang/String; @ 2
Event: 6.373 Thread 0x000000000145e000 Uncommon trap: reason=unstable_if action=reinterpret pc=0x0000000002ff2d24 method=java.io.WinNTFileSystem.prefixLength(Ljava/lang/String;)I @ 61
Event: 7.230 Thread 0x000000000145e000 Uncommon trap: reason=null_check action=make_not_entrant pc=0x0000000003148c28 method=org.codehaus.plexus.util.xml.Xpp3Dom.mergeIntoXpp3Dom(Lorg/codehaus/plexus/util/xml/Xpp3Dom;Lorg/codehaus/plexus/util/xml/Xpp3Dom;Ljava/lang/Boolean;)V @ 19
Event: 7.249 Thread 0x000000000145e000 Uncommon trap: reason=null_check action=make_not_entrant pc=0x0000000003917d9c method=java.lang.Integer.equals(Ljava/lang/Object;)Z @ 1
Event: 7.249 Thread 0x000000000145e000 Uncommon trap: reason=unstable_if action=reinterpret pc=0x000000000302558c method=java.util.HashMap.getNode(ILjava/lang/Object;)Ljava/util/HashMap$Node; @ 53
Event: 7.249 Thread 0x000000000145e000 Uncommon trap: reason=unstable_if action=reinterpret pc=0x0000000003277344 method=java.util.HashMap.getNode(ILjava/lang/Object;)Ljava/util/HashMap$Node; @ 53
Event: 7.900 Thread 0x000000000145e000 Uncommon trap: reason=class_check action=maybe_recompile pc=0x000000000377aa9c method=org.eclipse.sisu.wire.EntryListAdapter$ValueIterator.hasNext()Z @ 4
Event: 7.900 Thread 0x000000000145e000 Uncommon trap: reason=unstable_if action=reinterpret pc=0x0000000003a7d7c0 method=org.eclipse.sisu.plexus.RealmFilteredBeans$FilteredItr.hasNext()Z @ 44
Event: 9.351 Thread 0x000000000145e000 Uncommon trap: reason=unstable_if action=reinterpret pc=0x0000000003b7b6ac method=java.io.WinNTFileSystem.parentOrNull(Ljava/lang/String;)Ljava/lang/String; @ 76
Event: 9.452 Thread 0x000000000145e000 Uncommon trap: reason=unstable_if action=reinterpret pc=0x000000000325f1ec method=java.util.concurrent.ConcurrentHashMap.putVal(Ljava/lang/Object;Ljava/lang/Object;Z)Ljava/lang/Object; @ 206

Internal exceptions (10 events):
Event: 5.095 Thread 0x000000000145e000 Implicit null exception at 0x00000000031243ef to 0x0000000003124459
Event: 5.561 Thread 0x000000000145e000 Implicit null exception at 0x0000000003af0cc8 to 0x0000000003af42f1
Event: 7.230 Thread 0x000000000145e000 Implicit null exception at 0x000000000314462b to 0x0000000003148c19
Event: 7.249 Thread 0x000000000145e000 Implicit null exception at 0x0000000003914e0f to 0x0000000003917d79
Event: 9.467 Thread 0x000000000145e000 Exception <a 'java/lang/ArrayIndexOutOfBoundsException': 1> (0x0000000770b189f0) thrown at [C:\re\workspace\8-2-build-windows-amd64-cygwin\jdk8u121\8372\hotspot\src\share\vm\interpreter\interpreterRuntime.cpp, line 366]
Event: 9.475 Thread 0x000000000145e000 Exception <a 'java/lang/ArrayIndexOutOfBoundsException': 1> (0x0000000770b429b0) thrown at [C:\re\workspace\8-2-build-windows-amd64-cygwin\jdk8u121\8372\hotspot\src\share\vm\interpreter\interpreterRuntime.cpp, line 366]
Event: 9.475 Thread 0x000000000145e000 Exception <a 'java/lang/ArrayIndexOutOfBoundsException': 1> (0x0000000770b42ea0) thrown at [C:\re\workspace\8-2-build-windows-amd64-cygwin\jdk8u121\8372\hotspot\src\share\vm\interpreter\interpreterRuntime.cpp, line 366]
Event: 9.475 Thread 0x000000000145e000 Exception <a 'java/lang/ArrayIndexOutOfBoundsException': 1> (0x0000000770b432b0) thrown at [C:\re\workspace\8-2-build-windows-amd64-cygwin\jdk8u121\8372\hotspot\src\share\vm\interpreter\interpreterRuntime.cpp, line 366]
Event: 9.475 Thread 0x000000000145e000 Exception <a 'java/lang/ArrayIndexOutOfBoundsException': 1> (0x0000000770b43730) thrown at [C:\re\workspace\8-2-build-windows-amd64-cygwin\jdk8u121\8372\hotspot\src\share\vm\interpreter\interpreterRuntime.cpp, line 366]
Event: 9.475 Thread 0x000000000145e000 Exception <a 'java/lang/ArrayIndexOutOfBoundsException': 1> (0x0000000770b43c20) thrown at [C:\re\workspace\8-2-build-windows-amd64-cygwin\jdk8u121\8372\hotspot\src\share\vm\interpreter\interpreterRuntime.cpp, line 366]

Events (10 events):
Event: 9.511 loading class java/lang/invoke/MethodHandleImpl$AsVarargsCollector
Event: 9.511 loading class java/lang/invoke/DelegatingMethodHandle
Event: 9.511 loading class java/lang/invoke/DelegatingMethodHandle done
Event: 9.511 loading class java/lang/invoke/MethodHandleImpl$AsVarargsCollector done
Event: 9.511 loading class java/lang/invoke/WrongMethodTypeException
Event: 9.511 loading class java/lang/invoke/WrongMethodTypeException done
Event: 9.512 loading class java/lang/invoke/MethodHandleImpl$Lazy
Event: 9.512 loading class java/lang/invoke/MethodHandleImpl$Lazy done
Event: 9.513 loading class java/lang/invoke/MethodHandleImpl$IntrinsicMethodHandle
Event: 9.513 loading class java/lang/invoke/MethodHandleImpl$IntrinsicMethodHandle done


Dynamic libraries:
0x00007ff74ca20000 - 0x00007ff74ca57000 	C:\Program Files\Java\jdk1.8.0_121\bin\java.exe
0x00007ff97f1c0000 - 0x00007ff97f3b0000 	C:\Windows\SYSTEM32\ntdll.dll
0x00007ff97d730000 - 0x00007ff97d7e2000 	C:\Windows\System32\KERNEL32.DLL
0x00007ff97c150000 - 0x00007ff97c3f2000 	C:\Windows\System32\KERNELBASE.dll
0x00000000776a0000 - 0x0000000077735000 	C:\Windows\System32\SYSFER.DLL
0x00007ff97d8a0000 - 0x00007ff97d943000 	C:\Windows\System32\ADVAPI32.dll
0x00007ff97e8c0000 - 0x00007ff97e95e000 	C:\Windows\System32\msvcrt.dll
0x00007ff97d5c0000 - 0x00007ff97d657000 	C:\Windows\System32\sechost.dll
0x00007ff97eb50000 - 0x00007ff97ec70000 	C:\Windows\System32\RPCRT4.dll
0x00007ff97ed50000 - 0x00007ff97eee3000 	C:\Windows\System32\USER32.dll
0x00007ff97c540000 - 0x00007ff97c561000 	C:\Windows\System32\win32u.dll
0x00007ff97e890000 - 0x00007ff97e8b6000 	C:\Windows\System32\GDI32.dll
0x00007ff97c570000 - 0x00007ff97c704000 	C:\Windows\System32\gdi32full.dll
0x00007ff97c710000 - 0x00007ff97c7ae000 	C:\Windows\System32\msvcp_win.dll
0x00007ff97d080000 - 0x00007ff97d17a000 	C:\Windows\System32\ucrtbase.dll
0x00007ff97b2a0000 - 0x00007ff97b525000 	C:\Windows\WinSxS\amd64_microsoft.windows.common-controls_6595b64144ccf1df_6.0.18362.30_none_a1435978519dce7f\COMCTL32.dll
0x00007ff97d280000 - 0x00007ff97d5b6000 	C:\Windows\System32\combase.dll
0x00007ff97c400000 - 0x00007ff97c481000 	C:\Windows\System32\bcryptPrimitives.dll
0x00007ff97d690000 - 0x00007ff97d6be000 	C:\Windows\System32\IMM32.DLL
0x00000000773c0000 - 0x0000000077492000 	C:\Program Files\Java\jdk1.8.0_121\jre\bin\msvcr100.dll
0x0000000075f70000 - 0x000000007680b000 	C:\Program Files\Java\jdk1.8.0_121\jre\bin\server\jvm.dll
0x00007ff97d680000 - 0x00007ff97d688000 	C:\Windows\System32\PSAPI.DLL
0x00007ff966e80000 - 0x00007ff966e89000 	C:\Windows\SYSTEM32\WSOCK32.dll
0x00007ff97d950000 - 0x00007ff97d9bf000 	C:\Windows\System32\WS2_32.dll
0x00007ff979150000 - 0x00007ff979174000 	C:\Windows\SYSTEM32\WINMM.dll
0x00007ff96ec00000 - 0x00007ff96ec0a000 	C:\Windows\SYSTEM32\VERSION.dll
0x00007ff979020000 - 0x00007ff97904d000 	C:\Windows\SYSTEM32\WINMMBASE.dll
0x00007ff97d180000 - 0x00007ff97d1ca000 	C:\Windows\System32\cfgmgr32.dll
0x00000000773b0000 - 0x00000000773bf000 	C:\Program Files\Java\jdk1.8.0_121\jre\bin\verify.dll
0x0000000077380000 - 0x00000000773a9000 	C:\Program Files\Java\jdk1.8.0_121\jre\bin\java.dll
0x0000000077360000 - 0x0000000077376000 	C:\Program Files\Java\jdk1.8.0_121\jre\bin\zip.dll
0x00007ff97e050000 - 0x00007ff97e730000 	C:\Windows\System32\SHELL32.dll
0x00007ff97eaa0000 - 0x00007ff97eb49000 	C:\Windows\System32\shcore.dll
0x00007ff97c7b0000 - 0x00007ff97cf2b000 	C:\Windows\System32\windows.storage.dll
0x00007ff97c0c0000 - 0x00007ff97c0df000 	C:\Windows\System32\profapi.dll
0x00007ff97c0e0000 - 0x00007ff97c12a000 	C:\Windows\System32\powrprof.dll
0x00007ff97c090000 - 0x00007ff97c0a0000 	C:\Windows\System32\UMPDC.dll
0x00007ff97f120000 - 0x00007ff97f172000 	C:\Windows\System32\shlwapi.dll
0x00007ff97c130000 - 0x00007ff97c141000 	C:\Windows\System32\kernel.appcore.dll
0x00007ff97d200000 - 0x00007ff97d217000 	C:\Windows\System32\cryptsp.dll
0x00007ff977a40000 - 0x00007ff977a4a000 	D:\apache-maven-3.6.1-bin\apache-maven-3.6.1\lib\jansi-native\windows64\jansi.dll
0x0000000077340000 - 0x000000007735a000 	C:\Program Files\Java\jdk1.8.0_121\jre\bin\net.dll
0x00007ff97b530000 - 0x00007ff97b597000 	C:\Windows\system32\mswsock.dll
0x0000000077320000 - 0x0000000077331000 	C:\Program Files\Java\jdk1.8.0_121\jre\bin\nio.dll
0x00007ff97bbb0000 - 0x00007ff97bda4000 	C:\Windows\SYSTEM32\dbghelp.dll

VM Arguments:
jvm_args: -Dclassworlds.conf=D:\apache-maven-3.6.1-bin\apache-maven-3.6.1\bin\..\bin\m2.conf -Dmaven.home=D:\apache-maven-3.6.1-bin\apache-maven-3.6.1\bin\.. -Dlibrary.jansi.path=D:\apache-maven-3.6.1-bin\apache-maven-3.6.1\bin\..\lib\jansi-native -Dmaven.multiModuleProjectDirectory=D:\studio-workspace\sys-ecom-api 
java_command: org.codehaus.plexus.classworlds.launcher.Launcher -B clean package -DskipMunitTests --settings C:\Users\KIRTI~1.GUR\AppData\Local\Temp\settings-temp-directory\c036f098-f835-4f8c-8113-c0e79c7d9114.xml
java_class_path (initial): D:\apache-maven-3.6.1-bin\apache-maven-3.6.1\bin\..\boot\plexus-classworlds-2.6.0.jar
Launcher Type: SUN_STANDARD

Environment Variables:
JAVA_HOME=C:\Program Files\Java\jdk1.8.0_121
PATH=D:\apache-maven-3.6.1-bin\apache-maven-3.6.1\bin;C:\Program Files\Java\jdk1.8.0_121\bin;C:\ProgramData\Oracle\Java\javapath;C:\Windows\system32;C:\Windows;C:\Windows\System32\Wbem;C:\Windows\System32\WindowsPowerShell\v1.0\;C:\Windows\System32\OpenSSH\;C:\Program Files\Git\cmd;C:\Program Files\PuTTY\;C:\Program Files\Microsoft VS Code\bin;C:\Program Files\SourceGear\Common\DiffMerge\;C:\Program Files\MySQL\MySQL Shell 8.0\bin\;C:\Program Files\Java\jdk1.8.0_121\bin;C:\Users\kirti.gurjar\AppData\Local\Microsoft\WindowsApps;C:\zookeeper-3.4.14\bin;
USERNAME=kirti.gurjar
OS=Windows_NT
PROCESSOR_IDENTIFIER=Intel64 Family 6 Model 94 Stepping 3, GenuineIntel



---------------  S Y S T E M  ---------------

OS: Windows 10.0 , 64 bit Build 18362 (10.0.18362.1)

CPU:total 4 (4 cores per cpu, 1 threads per core) family 6 model 94 stepping 3, cmov, cx8, fxsr, mmx, sse, sse2, sse3, ssse3, sse4.1, sse4.2, popcnt, avx, avx2, aes, clmul, erms, rtm, 3dnowpref, lzcnt, tsc, tscinvbit, bmi1, bmi2, adx

Memory: 4k page, physical 16172680k(8068636k free), swap 24561288k(12820204k free)

vm_info: Java HotSpot(TM) 64-Bit Server VM (25.121-b13) for windows-amd64 JRE (1.8.0_121-b13), built on Dec 12 2016 18:21:36 by "java_re" with MS VC++ 10.0 (VS2010)

time: Wed Nov 27 17:46:39 2019
elapsed time: 9 seconds (0d 0h 0m 9s)

